<?xml version="1.0" encoding="UTF-8"?>
<testng-results skipped="0" failed="0" total="1" passed="1">
  <reporter-output>
  </reporter-output>
  <suite name="Default suite" duration-ms="13872" started-at="2019-08-02T05:19:22Z" finished-at="2019-08-02T05:19:36Z">
    <groups>
    </groups>
    <test name="Default test" duration-ms="13872" started-at="2019-08-02T05:19:22Z" finished-at="2019-08-02T05:19:36Z">
      <class name="demos.NewTest">
        <test-method status="PASS" signature="f()[pri:0, instance:demos.NewTest@6767c1fc]" name="f" duration-ms="13841" started-at="2019-08-02T10:49:22Z" finished-at="2019-08-02T10:49:36Z">
          <reporter-output>
          </reporter-output>
        </test-method> <!-- f -->
      </class> <!-- demos.NewTest -->
    </test> <!-- Default test -->
  </suite> <!-- Default suite -->
</testng-results>
